Arguments: 
  /Users/nilsriedemann/.nvm/versions/node/v16.15.1/bin/node /Users/nilsriedemann/.nvm/versions/node/v16.15.1/bin/yarn init

PATH: 
  /Users/nilsriedemann/.nvm/versions/node/v16.15.1/bin:/opt/homebrew/opt/grep/libexec/gnubin:/Users/nilsriedemann/.bun/bin:/usr/local/cuda-11.6/bin:/Users/nilsriedemann/.pyenv/bin/:/Users/nilsriedemann/code/dotfiles/bin/:/opt/homebrew/opt/openjdk@11/bin:/Users/nilsriedemann/.poetry/bin:/Users/nilsriedemann/.emacs.d/bin:/Users/nilsriedemann/.composer/vendor/bin:/Users/nilsriedemann/bin/gh/bin:/Users/nilsriedemann/go/bin:/Users/nilsriedemann/code/bleepbloop.git/main/bin:/Users/nilsriedemann/bin:/opt/homebrew/bin:/usr/local/bin:/Users/nilsriedemann/.nix-profile/bin:/nix/var/nix/profiles/default/bin:/usr/local/bin:/usr/bin:/bin:/usr/sbin:/sbin:/Applications/VMware Fusion Tech Preview.app/Contents/Public:/Library/Apple/usr/bin:/opt/homebrew/opt/grep/libexec/gnubin:/Users/nilsriedemann/.bun/bin:/usr/local/cuda-11.6/bin:/Users/nilsriedemann/.pyenv/bin/:/Users/nilsriedemann/code/dotfiles/bin/:/opt/homebrew/opt/openjdk@11/bin:/Users/nilsriedemann/.poetry/bin:/Users/nilsriedemann/.emacs.d/bin:/Users/nilsriedemann/.composer/vendor/bin:/Users/nilsriedemann/bin/gh/bin:/Users/nilsriedemann/go/bin:/Users/nilsriedemann/code/bleepbloop.git/main/bin:/Users/nilsriedemann/bin:/opt/homebrew/bin:/Users/nilsriedemann/.nix-profile/bin:/nix/var/nix/profiles/default/bin:/Users/nilsriedemann/.cargo/bin:/Applications/kitty.app/Contents/MacOS./node_modules/.bin./node_modules/.bin:/Users/nilsriedemann/.yarn/bin./node_modules/.bin./node_modules/.bin:/Users/nilsriedemann/.yarn/bin

Yarn version: 
  1.22.19

Node version: 
  16.15.1

Platform: 
  darwin arm64

Trace: 
  Error: canceled
      at Interface.<anonymous> (/Users/nilsriedemann/.nvm/versions/node/v16.15.1/lib/node_modules/yarn/lib/cli.js:137150:13)
      at Interface.emit (node:events:527:28)
      at Interface._ttyWrite (node:readline:1081:16)
      at ReadStream.onkeypress (node:readline:288:10)
      at ReadStream.emit (node:events:527:28)
      at emitKeys (node:internal/readline/utils:358:14)
      at emitKeys.next (<anonymous>)
      at ReadStream.onData (node:internal/readline/emitKeypressEvents:61:36)
      at ReadStream.emit (node:events:527:28)
      at addChunk (node:internal/streams/readable:315:12)

npm manifest: 
  No manifest

yarn manifest: 
  No manifest

Lockfile: 
  No lockfile
