5456789349886456891612398543557899654321734567896568999964677891834989765442345789778999989652349879899
43498912987653487893398753234567896654345689965205698874356679959879898321745789195699988799317998765668
172989116989873234595498764312345678976746899989656987563234567899767987442578954678987968899897654457
298793987543212348999995321612345996986579799799979654321623479998959876553689965789876856789789543345
98968999843211612668899865313546789569798965469879876553135568987643988767997896898765945697698722256
8765789965442143456789996579658895434999876398767987864589679876542169989896678999983312359821898116123
995462987655323466789998798876793212989998921797553988786789899879439899593556789989211657987678924345
654321729896543457889998989999989411698789998998543229989789797999899876543134989997632345698789545456
865454349876547689939875912667995399767898798763211612979976567986789654321615699876546559989898756567
876765457987998994318976421614567899889567896597543223456789348976578976543126921998758698979999768979
998876567899899976596543212378999876545699749865434578989321798654588976544348916139769987867896979989
989987698998789989987684323489124965436988931897655678999943259761946789887565789349898765756975395699
87679878998769999979877553469116198773235679939876688989875634987497893999679899959999654248954234799
96532999998757899865998964678999876521345678999997898798767867989989323987899998989986431735932129978
86321162398764578965434987578978698743162897998999899886698789989998951161299999877979876592398911698769
6543223987643589874323498678965469764167899878987897654398999989876431236789876576898798998789989756
765456459753185999932149987899753798943568998654767897621729789879876543345699765455789987684569877546
8799796798543489874116989989987617239894569898743456789953456987659878765969989543174597998593498766434
99899879876546789659297999999932399795698765432345899867979876532989899898978954234569874318987655325
987689899877989989989858999875499876899876543211676789999892989421395998797668894356689865434989432172
978579965998995679876746789976987865788987754323478999897911698931613498765455679546899598665569954323
96545889209893245697654356999898767345678987698645679876767998782129987654343568958912459988798766534
754356799873217968997931834789999543183678969979875979876565689764329879997321723899791161967999899887646
64324578986539899318989345699987684545893568999868979874545989654349698764324567899999899767999998787
74213489997698789498789967899998766579323789999796579534356798765985398756346899798767986577894189898
321161287998987679569659898999879888678912349899893459421724789998987621986875678967965987545679945929
4323235678918345689985205679789767999789116349878991249873675678989798711619798798945989318965345678969172
54543487896365679897658789679652056989321398767891695695457878997767982129899899418997949873217457999899
76896568965476789798969895498765678954329996567998979677898978555699324591619865987689876432346899768
979879899865899986799899643189876789995498991845698689879891899674349864356799998987653169985464567965207
98998991397696434569998765456987895989987789677895429899549854321729754979789997987421987698578899656
39569211619898752174789898767678999349798766898989991612998759765939398789986689206799532398799989998997
23458923459998642349876987878964318986543445899999892989989987989899999976557899987643469896799997989
116167954698999756959954298989999999954321636789987799767898999879789998764345998987654567965678986879
25256795797899869898762116989878878986544125679986678956967999765678999855235687899768789654379875668
34345679892278999879998329876756569876543234589765459548456898762056789993212345696989999754318689941945
756679899898923986896549899543545798776454767895534793183456798766899998991615897954966989875346789656
978989986799217989578965979543213499999756568895431736793656789997799975768976788963245976996657898769
9899997656893987645789986896441649789889678789766594567977899759889985419568988999951739895987767899878
8989876545679998435699875789559976786797898998779897899899995439998765456999999989298784598998996999
7879987919456795431849876546689987653456899596898987999116999989318368987876789217987789976532395699853217
6567899895678965439876523456987643286789244567999667899989878934569989978999987667998732123489876432
543499879978987759896541235569832116989921534567965434988687679578789999993987994567895411625678997643
31729899678995998997894316123489953213678916125689864329876597568999899998932986541945897632125989898856
4598797587894359876894213568998754245989193467965421169864318379183499989789139885457998784534898759878
5999675466789189987568942868954989534567898997987653349875434693599976767916999768689599876567899419989
98765432456999876545789387954316976467989667899998754579865467899898654568989899979249898767899899993
99854321257899987435678998943219875989925569988798676789875689987898434998767889891987798989897989217
7898743161456987985245678996593979867932134987676597878999897998767992179897956678911698655999876567893
2298765312369876592163788989798965497892116199765654989899979989875568999876654456789297643498765456989
9998754534899994321234567898789318989532198765432349999876569878445967976544323467898993116198741959878
897998678567898743534567998767943497643349987621725789876445976432745987543216123799767892398765699967
77689978967898765874868898985695559865456899743234599543239989321723459866541234598756789469886987856
645679898789398769757899876647897679796978986546456789321798765432355798775323466891947898579998986543
4194789999993239879867899875419678988998989919976789679987623998995468678998546456789456987678979897421
545698789129179998999896597654567899896978949878987998765345699895797899797987678975678989894696532116
756789679169898999567965398786778999785769899989998939895456988789989968698998789986789999931898964523
8879935789876788932986424989789999867485678899987932395987987659497895456989989659799899989987895634
99893234987655678911693217239989999875433479978987642116345999975453769943456798965419986789876766989745
669521749988544589899899235699798765432123456987654321234988984342656791866989689959875698765454878957
459434987654323456897989469866798765611613567898767436499876543216124589356789567898764329954343459998
298765698743515667996578998754649979721945989999865499769896543424567896789245992987321795432172368999
11699878994321166778987468987643234598949896897899878987656987655435678998892173789116989398654563567897
21789899654421289999435999843212598789878995678898987654599898664578917299543467899898989765687679956
45693998796742367897318398743211619876746678933567899965419789998789689543976645789987877798769987896318
689123999878764589765398765432398765434567917267991798796459998989879765989876789999676567987899996543
792161987698986579987645987654598765432346789388943499865678976918999979975987998987543456798998987655
894198765499878971899786898765999875321456789569764999877789765439788989432999879765321162679987698786
9659998543183989753998979898798997654116137997678989898989899879998657678921169876598799993568976539987
999898765435799999859989789987999766312347898899987567929721997897544567932989973299878899797654183498
776789976546899889743298679876898989323456789969876479917989886789633459899877894179876776898976434579
675678997697976779652116956799466799645456789184569953898999876567892259869876678923995665987897545678
53459998989897205689432192059983456987565789953567983179878943244568911698754324567899874354556789696989
323499878949765999654398698761234698979899994779976298654321723679521697659173478998765212345678987891
16199879695398798789674987965416165699989958789998765398765542347894345989989458999875431634567896989116
1987654569219899678995699876213457899945456989999768998766545678986567998789678999865412567896599932
2398541945891619875679897899843455699896313456789998994698987587899976799896989999899865434567891987893
39876545678998954567789999956689798765216234567896952399969969898898798778456789976597654568895456794
459889767899875418345678998767799899874313457789954317989459878976789989656345467894398767678998768989
767999878932989534597895398788918967965324598898895498793219893458998765432343499432169879789899979978
979699989991629765678899921798999345986545669994679698767991699318767999898541161247895499989896789898765
9895789999893597678999989239998456797676778933468987657789894387989998768212356976989998965899765754
39345989987896987899998789569875689989878891612457896545698765498978999978326979899678987654987654323
21723567997688999899898767999998678979998993233468993234569976999869899989545998787567899543499843212
3234979783467899998789956678999989568989654354569689175678998989745678998765989864545678953183987653161
456989867245678998769541945997899954796797654576892189235679998756345679998798786534345789643999876412
5698765421345698768459996789589954234569879878797678946899987643234568979897654323245689659876986433
878987651161245696543477899919467893179997998998999878975799899874317234589549998432116156799998765498764
99987654212678985421256789756789999878987932967898998679876898542345678935987643212778998996541959875
93298786323589876511614567896989998976799532173567899997897651949654467899318349875432348998798765667986
891729987934791799432123678998999876565987673234567998989986549876767899953456986546556795659976889997
78949898955892987532348997692359654345987653456889978999876569988989987645678986578679541945989998998
67899769866789999547456789521398765172349998656899876569898967989989689877698949768978985466996567899
56898954998998888956777895431625987829467899767998775466789989879976578999789429899989876877895456789
457878919579987677977999987654345989989989998789896543456789999678964699899932116967999987998954345678
343568946799765568989989987954567999788999799967892172345899976567893598798799212567897989995431857789
232457956988983457896578999897689987667987654456789234689998652059921798765767893345997569987654568999
116124596987793235699546789679979877645899974318378965467999987956893987654556789457896456999765678967
212346898765631346789321235678999654196789865435678995789988987689549986435445799689981945899976899456
365456789654321623489321164567899987654569999864568998679997620987986987654217235678997654567899878931837